# JRE version: Java(TM) SE Runtime Environment (8.0_60-b27) (build 1.8.0_60-b27)
# Java VM: Java HotSpot(TM) 64-Bit Server VM (25.60-b23 mixed mode windows-amd64 compressed oops)
Heap:
 PSYoungGen      total 224768K, used 57778K [0x00000000d5c00000, 0x00000000e4300000, 0x0000000100000000)
  eden space 212992K, 26% used [0x00000000d5c00000,0x00000000d923e178,0x00000000e2c00000)
  from space 11776K, 18% used [0x00000000e2c00000,0x00000000e2e2e910,0x00000000e3780000)
  to   space 11776K, 0% used [0x00000000e3780000,0x00000000e3780000,0x00000000e4300000)
 ParOldGen       total 71680K, used 23312K [0x0000000081400000, 0x0000000085a00000, 0x00000000d5c00000)
  object space 71680K, 32% used [0x0000000081400000,0x0000000082ac4320,0x0000000085a00000)
 Metaspace       used 24476K, capacity 24698K, committed 24960K, reserved 1071104K
  class space    used 3086K, capacity 3130K, committed 3200K, reserved 1048576K
GC Heap History (10 events):
Event: 16.684 GC heap before
{Heap before GC invocations=10 (full 0):
 PSYoungGen      total 145408K, used 140087K [0x00000000d5c00000, 0x00000000e4300000, 0x0000000100000000)
  eden space 133120K, 100% used [0x00000000d5c00000,0x00000000dde00000,0x00000000dde00000)
  from space 12288K, 56% used [0x00000000dde00000,0x00000000de4cdeb8,0x00000000dea00000)
  to   space 11776K, 0% used [0x00000000e3780000,0x00000000e3780000,0x00000000e4300000)
 ParOldGen       total 87552K, used 17556K [0x0000000081400000, 0x0000000086980000, 0x00000000d5c00000)
  object space 87552K, 20% used [0x0000000081400000,0x0000000082525230,0x0000000086980000)
 Metaspace       used 20253K, capacity 20472K, committed 20608K, reserved 1067008K
  class space    used 2537K, capacity 2580K, committed 2688K, reserved 1048576K
Event: 16.691 GC heap after
Heap after GC invocations=10 (full 0):
 PSYoungGen      total 224768K, used 2601K [0x00000000d5c00000, 0x00000000e4300000, 0x0000000100000000)
  eden space 212992K, 0% used [0x00000000d5c00000,0x00000000d5c00000,0x00000000e2c00000)
  from space 11776K, 22% used [0x00000000e3780000,0x00000000e3a0a6a0,0x00000000e4300000)
  to   space 11776K, 0% used [0x00000000e2c00000,0x00000000e2c00000,0x00000000e3780000)
 ParOldGen       total 87552K, used 22103K [0x0000000081400000, 0x0000000086980000, 0x00000000d5c00000)
  object space 87552K, 25% used [0x0000000081400000,0x0000000082995fb8,0x0000000086980000)
 Metaspace       used 20253K, capacity 20472K, committed 20608K, reserved 1067008K
  class space    used 2537K, capacity 2580K, committed 2688K, reserved 1048576K
}
Event: 17.109 GC heap before
{Heap before GC invocations=11 (full 0):
 PSYoungGen      total 224768K, used 32645K [0x00000000d5c00000, 0x00000000e4300000, 0x0000000100000000)
  eden space 212992K, 14% used [0x00000000d5c00000,0x00000000d7956e38,0x00000000e2c00000)
  from space 11776K, 22% used [0x00000000e3780000,0x00000000e3a0a6a0,0x00000000e4300000)
  to   space 11776K, 0% used [0x00000000e2c00000,0x00000000e2c00000,0x00000000e3780000)
 ParOldGen       total 87552K, used 22103K [0x0000000081400000, 0x0000000086980000, 0x00000000d5c00000)
  object space 87552K, 25% used [0x0000000081400000,0x0000000082995fb8,0x0000000086980000)
 Metaspace       used 20974K, capacity 21144K, committed 21296K, reserved 1069056K
  class space    used 2619K, capacity 2676K, committed 2688K, reserved 1048576K
Event: 17.123 GC heap after
Heap after GC invocations=11 (full 0):
 PSYoungGen      total 224768K, used 629K [0x00000000d5c00000, 0x00000000e4300000, 0x0000000100000000)
  eden space 212992K, 0% used [0x00000000d5c00000,0x00000000d5c00000,0x00000000e2c00000)
  from space 11776K, 5% used [0x00000000e2c00000,0x00000000e2c9d440,0x00000000e3780000)
  to   space 11776K, 0% used [0x00000000e3780000,0x00000000e3780000,0x00000000e4300000)
 ParOldGen       total 87552K, used 23735K [0x0000000081400000, 0x0000000086980000, 0x00000000d5c00000)
  object space 87552K, 27% used [0x0000000081400000,0x0000000082b2dfd8,0x0000000086980000)
 Metaspace       used 20974K, capacity 21144K, committed 21296K, reserved 1069056K
  class space    used 2619K, capacity 2676K, committed 2688K, reserved 1048576K
}
Event: 17.123 GC heap before
{Heap before GC invocations=12 (full 1):
 PSYoungGen      total 224768K, used 629K [0x00000000d5c00000, 0x00000000e4300000, 0x0000000100000000)
  eden space 212992K, 0% used [0x00000000d5c00000,0x00000000d5c00000,0x00000000e2c00000)
  from space 11776K, 5% used [0x00000000e2c00000,0x00000000e2c9d440,0x00000000e3780000)
  to   space 11776K, 0% used [0x00000000e3780000,0x00000000e3780000,0x00000000e4300000)
 ParOldGen       total 87552K, used 23735K [0x0000000081400000, 0x0000000086980000, 0x00000000d5c00000)
  object space 87552K, 27% used [0x0000000081400000,0x0000000082b2dfd8,0x0000000086980000)
 Metaspace       used 20974K, capacity 21144K, committed 21296K, reserved 1069056K
  class space    used 2619K, capacity 2676K, committed 2688K, reserved 1048576K
Event: 17.218 GC heap after
Heap after GC invocations=12 (full 1):
 PSYoungGen      total 224768K, used 0K [0x00000000d5c00000, 0x00000000e4300000, 0x0000000100000000)
  eden space 212992K, 0% used [0x00000000d5c00000,0x00000000d5c00000,0x00000000e2c00000)
  from space 11776K, 0% used [0x00000000e2c00000,0x00000000e2c00000,0x00000000e3780000)
  to   space 11776K, 0% used [0x00000000e3780000,0x00000000e3780000,0x00000000e4300000)
 ParOldGen       total 71680K, used 22896K [0x0000000081400000, 0x0000000085a00000, 0x00000000d5c00000)
  object space 71680K, 31% used [0x0000000081400000,0x0000000082a5c320,0x0000000085a00000)
 Metaspace       used 20974K, capacity 21144K, committed 21296K, reserved 1069056K
  class space    used 2619K, capacity 2676K, committed 2688K, reserved 1048576K
}
Event: 18.851 GC heap before
{Heap before GC invocations=13 (full 1):
 PSYoungGen      total 224768K, used 212992K [0x00000000d5c00000, 0x00000000e4300000, 0x0000000100000000)
  eden space 212992K, 100% used [0x00000000d5c00000,0x00000000e2c00000,0x00000000e2c00000)
  from space 11776K, 0% used [0x00000000e2c00000,0x00000000e2c00000,0x00000000e3780000)
  to   space 11776K, 0% used [0x00000000e3780000,0x00000000e3780000,0x00000000e4300000)
 ParOldGen       total 71680K, used 22896K [0x0000000081400000, 0x0000000085a00000, 0x00000000d5c00000)
  object space 71680K, 31% used [0x0000000081400000,0x0000000082a5c320,0x0000000085a00000)
 Metaspace       used 22184K, capacity 22440K, committed 22576K, reserved 1069056K
  class space    used 2814K, capacity 2871K, committed 2944K, reserved 1048576K
Event: 18.855 GC heap after
Heap after GC invocations=13 (full 1):
 PSYoungGen      total 224768K, used 1506K [0x00000000d5c00000, 0x00000000e4300000, 0x0000000100000000)
  eden space 212992K, 0% used [0x00000000d5c00000,0x00000000d5c00000,0x00000000e2c00000)
  from space 11776K, 12% used [0x00000000e3780000,0x00000000e38f8b30,0x00000000e4300000)
  to   space 11776K, 0% used [0x00000000e2c00000,0x00000000e2c00000,0x00000000e3780000)
 ParOldGen       total 71680K, used 22904K [0x0000000081400000, 0x0000000085a00000, 0x00000000d5c00000)
  object space 71680K, 31% used [0x0000000081400000,0x0000000082a5e320,0x0000000085a00000)
 Metaspace       used 22184K, capacity 22440K, committed 22576K, reserved 1069056K
  class space    used 2814K, capacity 2871K, committed 2944K, reserved 1048576K
}
Event: 23.561 GC heap before
{Heap before GC invocations=14 (full 1):
 PSYoungGen      total 224768K, used 214498K [0x00000000d5c00000, 0x00000000e4300000, 0x0000000100000000)
  eden space 212992K, 100% used [0x00000000d5c00000,0x00000000e2c00000,0x00000000e2c00000)
  from space 11776K, 12% used [0x00000000e3780000,0x00000000e38f8b30,0x00000000e4300000)
  to   space 11776K, 0% used [0x00000000e2c00000,0x00000000e2c00000,0x00000000e3780000)
 ParOldGen       total 71680K, used 22904K [0x0000000081400000, 0x0000000085a00000, 0x00000000d5c00000)
  object space 71680K, 31% used [0x0000000081400000,0x0000000082a5e320,0x0000000085a00000)
 Metaspace       used 24262K, capacity 24488K, committed 24704K, reserved 1071104K
  class space    used 3066K, capacity 3127K, committed 3200K, reserved 1048576K
Event: 23.571 GC heap after
Heap after GC invocations=14 (full 1):
 PSYoungGen      total 224768K, used 2234K [0x00000000d5c00000, 0x00000000e4300000, 0x0000000100000000)
  eden space 212992K, 0% used [0x00000000d5c00000,0x00000000d5c00000,0x00000000e2c00000)
  from space 11776K, 18% used [0x00000000e2c00000,0x00000000e2e2e910,0x00000000e3780000)
  to   space 11776K, 0% used [0x00000000e3780000,0x00000000e3780000,0x00000000e4300000)
 ParOldGen       total 71680K, used 23312K [0x0000000081400000, 0x0000000085a00000, 0x00000000d5c00000)
  object space 71680K, 32% used [0x0000000081400000,0x0000000082ac4320,0x0000000085a00000)
 Metaspace       used 24262K, capacity 24488K, committed 24704K, reserved 1071104K
  class space    used 3066K, capacity 3127K, committed 3200K, reserved 1048576K
}

