# JRE version: Java(TM) SE Runtime Environment (8.0_60-b27) (build 1.8.0_60-b27)
# Java VM: Java HotSpot(TM) 64-Bit Server VM (25.60-b23 mixed mode windows-amd64 compressed oops)
Heap:
 PSYoungGen      total 421888K, used 199642K [0x00000000d5c00000, 0x00000000f0f80000, 0x0000000100000000)
  eden space 409600K, 48% used [0x00000000d5c00000,0x00000000e1ef6b30,0x00000000eec00000)
  from space 12288K, 0% used [0x00000000f0380000,0x00000000f0380000,0x00000000f0f80000)
  to   space 14336K, 0% used [0x00000000ef380000,0x00000000ef380000,0x00000000f0180000)
 ParOldGen       total 108544K, used 26848K [0x0000000081400000, 0x0000000087e00000, 0x00000000d5c00000)
  object space 108544K, 24% used [0x0000000081400000,0x0000000082e38238,0x0000000087e00000)
 Metaspace       used 40046K, capacity 40698K, committed 40960K, reserved 1085440K
  class space    used 4865K, capacity 5045K, committed 5120K, reserved 1048576K
GC Heap History (10 events):
Event: 4.854 GC heap before
{Heap before GC invocations=10 (full 1):
 PSYoungGen      total 276480K, used 266240K [0x00000000d5c00000, 0x00000000e7400000, 0x0000000100000000)
  eden space 266240K, 100% used [0x00000000d5c00000,0x00000000e6000000,0x00000000e6000000)
  from space 10240K, 0% used [0x00000000e6a00000,0x00000000e6a00000,0x00000000e7400000)
  to   space 10240K, 0% used [0x00000000e6000000,0x00000000e6000000,0x00000000e6a00000)
 ParOldGen       total 72192K, used 15975K [0x0000000081400000, 0x0000000085a80000, 0x00000000d5c00000)
  object space 72192K, 22% used [0x0000000081400000,0x0000000082399db0,0x0000000085a80000)
 Metaspace       used 22142K, capacity 22350K, committed 22576K, reserved 1069056K
  class space    used 2789K, capacity 2850K, committed 2944K, reserved 1048576K
Event: 4.865 GC heap after
Heap after GC invocations=10 (full 1):
 PSYoungGen      total 276480K, used 3234K [0x00000000d5c00000, 0x00000000ebc00000, 0x0000000100000000)
  eden space 266240K, 0% used [0x00000000d5c00000,0x00000000d5c00000,0x00000000e6000000)
  from space 10240K, 31% used [0x00000000e6000000,0x00000000e6328a18,0x00000000e6a00000)
  to   space 10240K, 0% used [0x00000000eb200000,0x00000000eb200000,0x00000000ebc00000)
 ParOldGen       total 72192K, used 15983K [0x0000000081400000, 0x0000000085a80000, 0x00000000d5c00000)
  object space 72192K, 22% used [0x0000000081400000,0x000000008239bdb0,0x0000000085a80000)
 Metaspace       used 22142K, capacity 22350K, committed 22576K, reserved 1069056K
  class space    used 2789K, capacity 2850K, committed 2944K, reserved 1048576K
}
Event: 7.056 GC heap before
{Heap before GC invocations=11 (full 1):
 PSYoungGen      total 276480K, used 269474K [0x00000000d5c00000, 0x00000000ebc00000, 0x0000000100000000)
  eden space 266240K, 100% used [0x00000000d5c00000,0x00000000e6000000,0x00000000e6000000)
  from space 10240K, 31% used [0x00000000e6000000,0x00000000e6328a18,0x00000000e6a00000)
  to   space 10240K, 0% used [0x00000000eb200000,0x00000000eb200000,0x00000000ebc00000)
 ParOldGen       total 72192K, used 15983K [0x0000000081400000, 0x0000000085a80000, 0x00000000d5c00000)
  object space 72192K, 22% used [0x0000000081400000,0x000000008239bdb0,0x0000000085a80000)
 Metaspace       used 26841K, capacity 27088K, committed 27520K, reserved 1073152K
  class space    used 3314K, capacity 3373K, committed 3456K, reserved 1048576K
Event: 7.077 GC heap after
Heap after GC invocations=11 (full 1):
 PSYoungGen      total 344576K, used 9021K [0x00000000d5c00000, 0x00000000ebb00000, 0x0000000100000000)
  eden space 335360K, 0% used [0x00000000d5c00000,0x00000000d5c00000,0x00000000ea380000)
  from space 9216K, 97% used [0x00000000eb200000,0x00000000ebacf568,0x00000000ebb00000)
  to   space 10752K, 0% used [0x00000000ea600000,0x00000000ea600000,0x00000000eb080000)
 ParOldGen       total 72192K, used 15991K [0x0000000081400000, 0x0000000085a80000, 0x00000000d5c00000)
  object space 72192K, 22% used [0x0000000081400000,0x000000008239ddb0,0x0000000085a80000)
 Metaspace       used 26841K, capacity 27088K, committed 27520K, reserved 1073152K
  class space    used 3314K, capacity 3373K, committed 3456K, reserved 1048576K
}
Event: 8.857 GC heap before
{Heap before GC invocations=12 (full 1):
 PSYoungGen      total 344576K, used 344381K [0x00000000d5c00000, 0x00000000ebb00000, 0x0000000100000000)
  eden space 335360K, 100% used [0x00000000d5c00000,0x00000000ea380000,0x00000000ea380000)
  from space 9216K, 97% used [0x00000000eb200000,0x00000000ebacf568,0x00000000ebb00000)
  to   space 10752K, 0% used [0x00000000ea600000,0x00000000ea600000,0x00000000eb080000)
 ParOldGen       total 72192K, used 15991K [0x0000000081400000, 0x0000000085a80000, 0x00000000d5c00000)
  object space 72192K, 22% used [0x0000000081400000,0x000000008239ddb0,0x0000000085a80000)
 Metaspace       used 30769K, capacity 31160K, committed 31360K, reserved 1077248K
  class space    used 3822K, capacity 3925K, committed 3968K, reserved 1048576K
Event: 8.880 GC heap after
Heap after GC invocations=12 (full 1):
 PSYoungGen      total 348672K, used 10720K [0x00000000d5c00000, 0x00000000f1080000, 0x0000000100000000)
  eden space 337920K, 0% used [0x00000000d5c00000,0x00000000d5c00000,0x00000000ea600000)
  from space 10752K, 99% used [0x00000000ea600000,0x00000000eb078040,0x00000000eb080000)
  to   space 13312K, 0% used [0x00000000f0380000,0x00000000f0380000,0x00000000f1080000)
 ParOldGen       total 72192K, used 19425K [0x0000000081400000, 0x0000000085a80000, 0x00000000d5c00000)
  object space 72192K, 26% used [0x0000000081400000,0x00000000826f87b8,0x0000000085a80000)
 Metaspace       used 30769K, capacity 31160K, committed 31360K, reserved 1077248K
  class space    used 3822K, capacity 3925K, committed 3968K, reserved 1048576K
}
Event: 183.481 GC heap before
{Heap before GC invocations=13 (full 1):
 PSYoungGen      total 348672K, used 240522K [0x00000000d5c00000, 0x00000000f1080000, 0x0000000100000000)
  eden space 337920K, 68% used [0x00000000d5c00000,0x00000000e3c6a870,0x00000000ea600000)
  from space 10752K, 99% used [0x00000000ea600000,0x00000000eb078040,0x00000000eb080000)
  to   space 13312K, 0% used [0x00000000f0380000,0x00000000f0380000,0x00000000f1080000)
 ParOldGen       total 72192K, used 19425K [0x0000000081400000, 0x0000000085a80000, 0x00000000d5c00000)
  object space 72192K, 26% used [0x0000000081400000,0x00000000826f87b8,0x0000000085a80000)
 Metaspace       used 34881K, capacity 35342K, committed 35456K, reserved 1081344K
  class space    used 4294K, capacity 4410K, committed 4480K, reserved 1048576K
Event: 183.499 GC heap after
Heap after GC invocations=13 (full 1):
 PSYoungGen      total 421888K, used 11990K [0x00000000d5c00000, 0x00000000f0f80000, 0x0000000100000000)
  eden space 409600K, 0% used [0x00000000d5c00000,0x00000000d5c00000,0x00000000eec00000)
  from space 12288K, 97% used [0x00000000f0380000,0x00000000f0f35bc0,0x00000000f0f80000)
  to   space 14336K, 0% used [0x00000000ef380000,0x00000000ef380000,0x00000000f0180000)
 ParOldGen       total 72192K, used 19433K [0x0000000081400000, 0x0000000085a80000, 0x00000000d5c00000)
  object space 72192K, 26% used [0x0000000081400000,0x00000000826fa7b8,0x0000000085a80000)
 Metaspace       used 34881K, capacity 35342K, committed 35456K, reserved 1081344K
  class space    used 4294K, capacity 4410K, committed 4480K, reserved 1048576K
}
Event: 183.499 GC heap before
{Heap before GC invocations=14 (full 2):
 PSYoungGen      total 421888K, used 11990K [0x00000000d5c00000, 0x00000000f0f80000, 0x0000000100000000)
  eden space 409600K, 0% used [0x00000000d5c00000,0x00000000d5c00000,0x00000000eec00000)
  from space 12288K, 97% used [0x00000000f0380000,0x00000000f0f35bc0,0x00000000f0f80000)
  to   space 14336K, 0% used [0x00000000ef380000,0x00000000ef380000,0x00000000f0180000)
 ParOldGen       total 72192K, used 19433K [0x0000000081400000, 0x0000000085a80000, 0x00000000d5c00000)
  object space 72192K, 26% used [0x0000000081400000,0x00000000826fa7b8,0x0000000085a80000)
 Metaspace       used 34881K, capacity 35342K, committed 35456K, reserved 1081344K
  class space    used 4294K, capacity 4410K, committed 4480K, reserved 1048576K
Event: 183.675 GC heap after
Heap after GC invocations=14 (full 2):
 PSYoungGen      total 421888K, used 0K [0x00000000d5c00000, 0x00000000f0f80000, 0x0000000100000000)
  eden space 409600K, 0% used [0x00000000d5c00000,0x00000000d5c00000,0x00000000eec00000)
  from space 12288K, 0% used [0x00000000f0380000,0x00000000f0380000,0x00000000f0f80000)
  to   space 14336K, 0% used [0x00000000ef380000,0x00000000ef380000,0x00000000f0180000)
 ParOldGen       total 108544K, used 26848K [0x0000000081400000, 0x0000000087e00000, 0x00000000d5c00000)
  object space 108544K, 24% used [0x0000000081400000,0x0000000082e38238,0x0000000087e00000)
 Metaspace       used 34881K, capacity 35342K, committed 35456K, reserved 1081344K
  class space    used 4294K, capacity 4410K, committed 4480K, reserved 1048576K
}

